<?xml version="1.0" encoding="UTF-8"?>
<testsuite xmlns:xsi="http://www.w3.org/2001/XMLSchema-instance" xsi:noNamespaceSchemaLocation="https://maven.apache.org/surefire/maven-failsafe-plugin/xsd/failsafe-test-report.xsd" name="Funcionalidad Pet Buy" time="4.752" tests="4" errors="0" skipped="0" failures="0">
  <properties>
[...]
</properties>
  <testcase name="Crear un nuevo pet en la store de manera satisfactoria" classname="Funcionalidad Pet Buy" time="2.589"/>
  <testcase name="Obtener un pet de la store de manera satisfactoria" classname="Funcionalidad Pet Buy" time="1.101"/>
  <testcase name="Actualizar un pet en la store de manera satisfactoria" classname="Funcionalidad Pet Buy" time="0.537"/>
  <testcase name="Eliminar un pet de la store de manera satisfactoria por su identificador" classname="Funcionalidad Pet Buy" time="0.523"/>
</testsuite>